[0.004s] Invoking command in '/home/zjy/桌面/RMM/build/vision': CMAKE_PREFIX_PATH=/opt/ros/humble /usr/bin/cmake /home/zjy/桌面/RMM/src/vision -DCMAKE_INSTALL_PREFIX=/home/zjy/桌面/RMM/install/vision
[0.050s] -- The C compiler identification is GNU 11.4.0
[0.105s] -- The CXX compiler identification is GNU 11.4.0
[0.108s] -- Detecting C compiler ABI info
[0.166s] -- Detecting C compiler ABI info - done
[0.170s] -- Check for working C compiler: /usr/bin/cc - skipped
[0.170s] -- Detecting C compile features
[0.170s] -- Detecting C compile features - done
[0.172s] -- Detecting CXX compiler ABI info
[0.226s] -- Detecting CXX compiler ABI info - done
[0.230s] -- Check for working CXX compiler: /usr/bin/c++ - skipped
[0.230s] -- Detecting CXX compile features
[0.230s] -- Detecting CXX compile features - done
[0.231s] -- Found ament_cmake: 1.3.11 (/opt/ros/humble/share/ament_cmake/cmake)
[0.302s] -- Found Python3: /usr/bin/python3 (found version "3.10.12") found components: Interpreter 
[0.378s] -- Configuring done
[0.379s] -- Generating done
[0.379s] -- Build files have been written to: /home/zjy/桌面/RMM/build/vision
[0.383s] Invoked command in '/home/zjy/桌面/RMM/build/vision' returned '0': CMAKE_PREFIX_PATH=/opt/ros/humble /usr/bin/cmake /home/zjy/桌面/RMM/src/vision -DCMAKE_INSTALL_PREFIX=/home/zjy/桌面/RMM/install/vision
[0.383s] Invoking command in '/home/zjy/桌面/RMM/build/vision': CMAKE_PREFIX_PATH=/opt/ros/humble /usr/bin/cmake --build /home/zjy/桌面/RMM/build/vision -- -j32 -l32
[0.401s] Invoked command in '/home/zjy/桌面/RMM/build/vision' returned '0': CMAKE_PREFIX_PATH=/opt/ros/humble /usr/bin/cmake --build /home/zjy/桌面/RMM/build/vision -- -j32 -l32
[0.407s] Invoking command in '/home/zjy/桌面/RMM/build/vision': CMAKE_PREFIX_PATH=/opt/ros/humble /usr/bin/cmake --install /home/zjy/桌面/RMM/build/vision
[0.411s] -- Install configuration: ""
[0.411s] -- Installing: /home/zjy/桌面/RMM/install/vision/share/vision//config
[0.411s] -- Installing: /home/zjy/桌面/RMM/install/vision/share/vision//config/a.yaml
[0.411s] -- Installing: /home/zjy/桌面/RMM/install/vision/share/vision//launch
[0.411s] -- Installing: /home/zjy/桌面/RMM/install/vision/share/vision//launch/a.launch.py
[0.411s] -- Installing: /home/zjy/桌面/RMM/install/vision/share/ament_index/resource_index/package_run_dependencies/vision
[0.411s] -- Installing: /home/zjy/桌面/RMM/install/vision/share/ament_index/resource_index/parent_prefix_path/vision
[0.411s] -- Installing: /home/zjy/桌面/RMM/install/vision/share/vision/environment/ament_prefix_path.sh
[0.411s] -- Installing: /home/zjy/桌面/RMM/install/vision/share/vision/environment/ament_prefix_path.dsv
[0.411s] -- Installing: /home/zjy/桌面/RMM/install/vision/share/vision/environment/path.sh
[0.411s] -- Installing: /home/zjy/桌面/RMM/install/vision/share/vision/environment/path.dsv
[0.411s] -- Installing: /home/zjy/桌面/RMM/install/vision/share/vision/local_setup.bash
[0.411s] -- Installing: /home/zjy/桌面/RMM/install/vision/share/vision/local_setup.sh
[0.411s] -- Installing: /home/zjy/桌面/RMM/install/vision/share/vision/local_setup.zsh
[0.411s] -- Installing: /home/zjy/桌面/RMM/install/vision/share/vision/local_setup.dsv
[0.411s] -- Installing: /home/zjy/桌面/RMM/install/vision/share/vision/package.dsv
[0.411s] -- Installing: /home/zjy/桌面/RMM/install/vision/share/ament_index/resource_index/packages/vision
[0.412s] -- Installing: /home/zjy/桌面/RMM/install/vision/share/vision/cmake/visionConfig.cmake
[0.412s] -- Installing: /home/zjy/桌面/RMM/install/vision/share/vision/cmake/visionConfig-version.cmake
[0.412s] -- Installing: /home/zjy/桌面/RMM/install/vision/share/vision/package.xml
[0.412s] Invoked command in '/home/zjy/桌面/RMM/build/vision' returned '0': CMAKE_PREFIX_PATH=/opt/ros/humble /usr/bin/cmake --install /home/zjy/桌面/RMM/build/vision
