-- The C compiler identification is GNU 11.4.0
-- The CXX compiler identification is GNU 11.4.0
-- Detecting C compiler ABI info
-- Detecting C compiler ABI info - done
-- Check for working C compiler: /usr/bin/cc - skipped
-- Detecting C compile features
-- Detecting C compile features - done
-- Detecting CXX compiler ABI info
-- Detecting CXX compiler ABI info - done
-- Check for working CXX compiler: /usr/bin/c++ - skipped
-- Detecting CXX compile features
-- Detecting CXX compile features - done
-- Found ament_cmake: 1.3.11 (/opt/ros/humble/share/ament_cmake/cmake)
-- Found Python3: /usr/bin/python3 (found version "3.10.12") found components: Interpreter 
-- Found rclcpp: 16.0.12 (/opt/ros/humble/share/rclcpp/cmake)
-- Found rosidl_generator_c: 3.1.6 (/opt/ros/humble/share/rosidl_generator_c/cmake)
-- Found rosidl_adapter: 3.1.6 (/opt/ros/humble/share/rosidl_adapter/cmake)
-- Found rosidl_generator_cpp: 3.1.6 (/opt/ros/humble/share/rosidl_generator_cpp/cmake)
-- Using all available rosidl_typesupport_c: rosidl_typesupport_fastrtps_c;rosidl_typesupport_introspection_c
-- Using all available rosidl_typesupport_cpp: rosidl_typesupport_fastrtps_cpp;rosidl_typesupport_introspection_cpp
-- Found rmw_implementation_cmake: 6.1.2 (/opt/ros/humble/share/rmw_implementation_cmake/cmake)
-- Found rmw_fastrtps_cpp: 6.2.7 (/opt/ros/humble/share/rmw_fastrtps_cpp/cmake)
-- Found OpenSSL: /usr/lib/x86_64-linux-gnu/libcrypto.so (found version "3.0.2")  
-- Found FastRTPS: /opt/ros/humble/include  
-- Using RMW implementation 'rmw_fastrtps_cpp' as default
-- Looking for pthread.h
-- Looking for pthread.h - found
-- Performing Test CMAKE_HAVE_LIBC_PTHREAD
-- Performing Test CMAKE_HAVE_LIBC_PTHREAD - Success
-- Found Threads: TRUE  
-- Found serial_driver: 1.2.0 (/opt/ros/humble/share/serial_driver/cmake)
-- Found asio_cmake_module: 1.2.0 (/opt/ros/humble/share/asio_cmake_module/cmake)
-- Found ASIO: /usr/include  
-- Configuring done
-- Generating done
-- Build files have been written to: /home/zjy/桌面/RMM/build/node
[ 25%] [32mBuilding CXX object CMakeFiles/publisher.dir/src/publisher.cpp.o[0m
[ 50%] [32mBuilding CXX object CMakeFiles/subscriber.dir/src/subscriber.cpp.o[0m
[ 75%] [32m[1mLinking CXX executable publisher[0m
[ 75%] Built target publisher
[100%] [32m[1mLinking CXX executable subscriber[0m
[100%] Built target subscriber
-- Install configuration: ""
-- Installing: /home/zjy/桌面/RMM/install/node/lib/node/publisher
-- Set runtime path of "/home/zjy/桌面/RMM/install/node/lib/node/publisher" to ""
-- Installing: /home/zjy/桌面/RMM/install/node/lib/node/subscriber
-- Set runtime path of "/home/zjy/桌面/RMM/install/node/lib/node/subscriber" to ""
-- Installing: /home/zjy/桌面/RMM/install/node/include/
-- Installing: /home/zjy/桌面/RMM/install/node/include//node
-- Installing: /home/zjy/桌面/RMM/install/node/include//node/subscriber.hpp
-- Installing: /home/zjy/桌面/RMM/install/node/include//node/publisher.hpp
-- Installing: /home/zjy/桌面/RMM/install/node/share/ament_index/resource_index/package_run_dependencies/node
-- Installing: /home/zjy/桌面/RMM/install/node/share/ament_index/resource_index/parent_prefix_path/node
-- Installing: /home/zjy/桌面/RMM/install/node/share/node/environment/ament_prefix_path.sh
-- Installing: /home/zjy/桌面/RMM/install/node/share/node/environment/ament_prefix_path.dsv
-- Installing: /home/zjy/桌面/RMM/install/node/share/node/environment/path.sh
-- Installing: /home/zjy/桌面/RMM/install/node/share/node/environment/path.dsv
-- Installing: /home/zjy/桌面/RMM/install/node/share/node/local_setup.bash
-- Installing: /home/zjy/桌面/RMM/install/node/share/node/local_setup.sh
-- Installing: /home/zjy/桌面/RMM/install/node/share/node/local_setup.zsh
-- Installing: /home/zjy/桌面/RMM/install/node/share/node/local_setup.dsv
-- Installing: /home/zjy/桌面/RMM/install/node/share/node/package.dsv
-- Installing: /home/zjy/桌面/RMM/install/node/share/ament_index/resource_index/packages/node
-- Installing: /home/zjy/桌面/RMM/install/node/share/node/cmake/nodeConfig.cmake
-- Installing: /home/zjy/桌面/RMM/install/node/share/node/cmake/nodeConfig-version.cmake
-- Installing: /home/zjy/桌面/RMM/install/node/share/node/package.xml
