[0.005s] Invoking command in '/home/zjy/桌面/RMM/build/node': CMAKE_PREFIX_PATH=/opt/ros/humble /usr/bin/cmake /home/zjy/桌面/RMM/src/node -DCMAKE_INSTALL_PREFIX=/home/zjy/桌面/RMM/install/node
[0.053s] -- The C compiler identification is GNU 11.4.0
[0.106s] -- The CXX compiler identification is GNU 11.4.0
[0.110s] -- Detecting C compiler ABI info
[0.168s] -- Detecting C compiler ABI info - done
[0.172s] -- Check for working C compiler: /usr/bin/cc - skipped
[0.172s] -- Detecting C compile features
[0.172s] -- Detecting C compile features - done
[0.174s] -- Detecting CXX compiler ABI info
[0.228s] -- Detecting CXX compiler ABI info - done
[0.232s] -- Check for working CXX compiler: /usr/bin/c++ - skipped
[0.232s] -- Detecting CXX compile features
[0.232s] -- Detecting CXX compile features - done
[0.233s] -- Found ament_cmake: 1.3.11 (/opt/ros/humble/share/ament_cmake/cmake)
[0.308s] -- Found Python3: /usr/bin/python3 (found version "3.10.12") found components: Interpreter 
[0.350s] -- Found rclcpp: 16.0.12 (/opt/ros/humble/share/rclcpp/cmake)
[0.370s] -- Found rosidl_generator_c: 3.1.6 (/opt/ros/humble/share/rosidl_generator_c/cmake)
[0.372s] -- Found rosidl_adapter: 3.1.6 (/opt/ros/humble/share/rosidl_adapter/cmake)
[0.375s] -- Found rosidl_generator_cpp: 3.1.6 (/opt/ros/humble/share/rosidl_generator_cpp/cmake)
[0.380s] -- Using all available rosidl_typesupport_c: rosidl_typesupport_fastrtps_c;rosidl_typesupport_introspection_c
[0.387s] -- Using all available rosidl_typesupport_cpp: rosidl_typesupport_fastrtps_cpp;rosidl_typesupport_introspection_cpp
[0.405s] -- Found rmw_implementation_cmake: 6.1.2 (/opt/ros/humble/share/rmw_implementation_cmake/cmake)
[0.406s] -- Found rmw_fastrtps_cpp: 6.2.7 (/opt/ros/humble/share/rmw_fastrtps_cpp/cmake)
[0.462s] -- Found OpenSSL: /usr/lib/x86_64-linux-gnu/libcrypto.so (found version "3.0.2")  
[0.481s] -- Found FastRTPS: /opt/ros/humble/include  
[0.502s] -- Using RMW implementation 'rmw_fastrtps_cpp' as default
[0.506s] -- Looking for pthread.h
[0.558s] -- Looking for pthread.h - found
[0.558s] -- Performing Test CMAKE_HAVE_LIBC_PTHREAD
[0.611s] -- Performing Test CMAKE_HAVE_LIBC_PTHREAD - Success
[0.612s] -- Found Threads: TRUE  
[0.636s] -- Found serial_driver: 1.2.0 (/opt/ros/humble/share/serial_driver/cmake)
[0.644s] -- Found asio_cmake_module: 1.2.0 (/opt/ros/humble/share/asio_cmake_module/cmake)
[0.644s] -- Found ASIO: /usr/include  
[0.703s] -- Configuring done
[0.713s] -- Generating done
[0.716s] -- Build files have been written to: /home/zjy/桌面/RMM/build/node
[0.721s] Invoked command in '/home/zjy/桌面/RMM/build/node' returned '0': CMAKE_PREFIX_PATH=/opt/ros/humble /usr/bin/cmake /home/zjy/桌面/RMM/src/node -DCMAKE_INSTALL_PREFIX=/home/zjy/桌面/RMM/install/node
[0.723s] Invoking command in '/home/zjy/桌面/RMM/build/node': CMAKE_PREFIX_PATH=/opt/ros/humble /usr/bin/cmake --build /home/zjy/桌面/RMM/build/node -- -j32 -l32
[0.765s] [ 25%] [32mBuilding CXX object CMakeFiles/publisher.dir/src/publisher.cpp.o[0m
[0.766s] [ 50%] [32mBuilding CXX object CMakeFiles/subscriber.dir/src/subscriber.cpp.o[0m
[2.503s] [ 75%] [32m[1mLinking CXX executable publisher[0m
[2.583s] [ 75%] Built target publisher
[2.960s] [100%] [32m[1mLinking CXX executable subscriber[0m
[3.071s] [100%] Built target subscriber
[3.082s] Invoked command in '/home/zjy/桌面/RMM/build/node' returned '0': CMAKE_PREFIX_PATH=/opt/ros/humble /usr/bin/cmake --build /home/zjy/桌面/RMM/build/node -- -j32 -l32
[3.085s] Invoking command in '/home/zjy/桌面/RMM/build/node': CMAKE_PREFIX_PATH=/opt/ros/humble /usr/bin/cmake --install /home/zjy/桌面/RMM/build/node
[3.092s] -- Install configuration: ""
[3.092s] -- Installing: /home/zjy/桌面/RMM/install/node/lib/node/publisher
[3.092s] -- Set runtime path of "/home/zjy/桌面/RMM/install/node/lib/node/publisher" to ""
[3.093s] -- Installing: /home/zjy/桌面/RMM/install/node/lib/node/subscriber
[3.094s] -- Set runtime path of "/home/zjy/桌面/RMM/install/node/lib/node/subscriber" to ""
[3.094s] -- Installing: /home/zjy/桌面/RMM/install/node/include/
[3.094s] -- Installing: /home/zjy/桌面/RMM/install/node/include//node
[3.094s] -- Installing: /home/zjy/桌面/RMM/install/node/include//node/subscriber.hpp
[3.094s] -- Installing: /home/zjy/桌面/RMM/install/node/include//node/publisher.hpp
[3.094s] -- Installing: /home/zjy/桌面/RMM/install/node/share/ament_index/resource_index/package_run_dependencies/node
[3.094s] -- Installing: /home/zjy/桌面/RMM/install/node/share/ament_index/resource_index/parent_prefix_path/node
[3.094s] -- Installing: /home/zjy/桌面/RMM/install/node/share/node/environment/ament_prefix_path.sh
[3.094s] -- Installing: /home/zjy/桌面/RMM/install/node/share/node/environment/ament_prefix_path.dsv
[3.094s] -- Installing: /home/zjy/桌面/RMM/install/node/share/node/environment/path.sh
[3.094s] -- Installing: /home/zjy/桌面/RMM/install/node/share/node/environment/path.dsv
[3.094s] -- Installing: /home/zjy/桌面/RMM/install/node/share/node/local_setup.bash
[3.094s] -- Installing: /home/zjy/桌面/RMM/install/node/share/node/local_setup.sh
[3.094s] -- Installing: /home/zjy/桌面/RMM/install/node/share/node/local_setup.zsh
[3.094s] -- Installing: /home/zjy/桌面/RMM/install/node/share/node/local_setup.dsv
[3.094s] -- Installing: /home/zjy/桌面/RMM/install/node/share/node/package.dsv
[3.095s] -- Installing: /home/zjy/桌面/RMM/install/node/share/ament_index/resource_index/packages/node
[3.095s] -- Installing: /home/zjy/桌面/RMM/install/node/share/node/cmake/nodeConfig.cmake
[3.095s] -- Installing: /home/zjy/桌面/RMM/install/node/share/node/cmake/nodeConfig-version.cmake
[3.095s] -- Installing: /home/zjy/桌面/RMM/install/node/share/node/package.xml
[3.096s] Invoked command in '/home/zjy/桌面/RMM/build/node' returned '0': CMAKE_PREFIX_PATH=/opt/ros/humble /usr/bin/cmake --install /home/zjy/桌面/RMM/build/node
